<?xml version="1.0" encoding="UTF-8"?>
<!-- Generated by org.testng.reporters.JUnitReportReporter -->
<testsuite hostname="jaya-manesh" failures="0" tests="1" name="testNGImplementation.CreateOrganizationTest" time="14.418" errors="0" timestamp="2024-08-21T16:21:30 IST" skipped="0">
  <testcase classname="testNGImplementation.CreateOrganizationTest" name="createOrgTest" time="14.418"/>
  <system-out/>
</testsuite> <!-- testNGImplementation.CreateOrganizationTest -->
