<?xml version="1.0" encoding="UTF-8"?>
<!-- Generated by org.testng.reporters.JUnitReportReporter -->
<testsuite hostname="jaya-manesh" failures="0" tests="1" name="testNGImplementation.CreateContactWithExistingOrgTest" time="17.621" errors="0" timestamp="2024-08-21T16:21:30 IST" skipped="0">
  <testcase classname="testNGImplementation.CreateContactWithExistingOrgTest" name="createContact" time="17.621"/>
  <system-out/>
</testsuite> <!-- testNGImplementation.CreateContactWithExistingOrgTest -->
